<?xml version="1.0" encoding="UTF-8"?>
<testsuite name="testcases.Sort_Display" tests="7" skipped="0" failures="0" errors="0" timestamp="2021-11-23T08:48:54" hostname="TRUNGHIEU-AUTOM" time="10.961">
  <properties/>
  <testcase name="TC_01_Sort_Name_A_Z[0](public void testcases.Sort_Display.TC_01_Sort_Name_A_Z(java.lang.reflect.Method))" classname="testcases.Sort_Display" time="1.745"/>
  <testcase name="TC_02_Sort_Name_Z_A[0](public void testcases.Sort_Display.TC_02_Sort_Name_Z_A(java.lang.reflect.Method))" classname="testcases.Sort_Display" time="1.618"/>
  <testcase name="TC_03_Sort_Price_Low_To_High[0](public void testcases.Sort_Display.TC_03_Sort_Price_Low_To_High(java.lang.reflect.Method))" classname="testcases.Sort_Display" time="1.053"/>
  <testcase name="TC_04_Sort_Price_High_To_Low[0](public void testcases.Sort_Display.TC_04_Sort_Price_High_To_Low(java.lang.reflect.Method))" classname="testcases.Sort_Display" time="1.67"/>
  <testcase name="TC_05_Display_3_Product_Per_Page[0](public void testcases.Sort_Display.TC_05_Display_3_Product_Per_Page(java.lang.reflect.Method))" classname="testcases.Sort_Display" time="0.999"/>
  <testcase name="TC_06_Display_6_Product_Per_Page[0](public void testcases.Sort_Display.TC_06_Display_6_Product_Per_Page(java.lang.reflect.Method))" classname="testcases.Sort_Display" time="1.691"/>
  <testcase name="TC_07_Display_9_Product_Per_Page[0](public void testcases.Sort_Display.TC_07_Display_9_Product_Per_Page(java.lang.reflect.Method))" classname="testcases.Sort_Display" time="2.169"/>
  <system-out><![CDATA[[INFO ] - 23-11-2021 15:48:49 - [Test worker] Log - Opening Chrome browser!
[INFO ] - 23-11-2021 15:48:53 - [Test worker] Log - Pre condition: navigate to notebooks page by click to product menu bar from home page
[INFO ] - 23-11-2021 15:48:54 - [Test worker] Log - TC_01_Sort_Name_A_Z test is starting.
[INFO ] - 23-11-2021 15:48:54 - [Test worker] Log - TC_01_Sort_Name_A_Z - Step 01: Select options Name: A to Z from Sort by dropdown list
[INFO ] - 23-11-2021 15:48:55 - [Test worker] Log - TC_01_Sort_Name_A_Z - Step 02: Verify product is sorted ascending
[INFO ] - 23-11-2021 15:48:56 - [Test worker] Log - Step (^_^!) =============================== PASSED =============================== (^_^!)
[INFO ] - 23-11-2021 15:48:56 - [Test worker] Log - TC_01_Sort_Name_A_Z test is succeed.
[INFO ] - 23-11-2021 15:48:56 - [Test worker] Log - TC_02_Sort_Name_Z_A test is starting.
[INFO ] - 23-11-2021 15:48:56 - [Test worker] Log - TC_02_Sort_Name_Z_A - Step 01: Select options Name:Z to A from Sort by dropdown list
[INFO ] - 23-11-2021 15:48:56 - [Test worker] Log - TC_02_Sort_Name_Z_A - Step 02: Verify product is sorted descending
[INFO ] - 23-11-2021 15:48:58 - [Test worker] Log - Step (^_^!) =============================== PASSED =============================== (^_^!)
[INFO ] - 23-11-2021 15:48:58 - [Test worker] Log - TC_02_Sort_Name_Z_A test is succeed.
[INFO ] - 23-11-2021 15:48:58 - [Test worker] Log - TC_03_Sort_Price_Low_To_High test is starting.
[INFO ] - 23-11-2021 15:48:58 - [Test worker] Log - TC_03_Sort_Price_Low_To_High - Step 01: Select options Price: Low to High from Sort by dropdown list
[INFO ] - 23-11-2021 15:48:58 - [Test worker] Log - TC_03_Sort_Price_Low_To_High - Step 02: Verify product is sorted ascending
[INFO ] - 23-11-2021 15:48:59 - [Test worker] Log - Step (^_^!) =============================== PASSED =============================== (^_^!)
[INFO ] - 23-11-2021 15:48:59 - [Test worker] Log - TC_03_Sort_Price_Low_To_High test is succeed.
[INFO ] - 23-11-2021 15:48:59 - [Test worker] Log - TC_04_Sort_Price_High_To_Low test is starting.
[INFO ] - 23-11-2021 15:48:59 - [Test worker] Log - TC_04_Sort_Price_High_To_Low - Step 01: Select options Price: High to Low from Sort by dropdown list
[INFO ] - 23-11-2021 15:48:59 - [Test worker] Log - TC_04_Sort_Price_High_To_Low - Step 02: Verify product is sorted ascending
[INFO ] - 23-11-2021 15:49:00 - [Test worker] Log - Step (^_^!) =============================== PASSED =============================== (^_^!)
[INFO ] - 23-11-2021 15:49:00 - [Test worker] Log - TC_04_Sort_Price_High_To_Low test is succeed.
[INFO ] - 23-11-2021 15:49:00 - [Test worker] Log - TC_05_Display_3_Product_Per_Page test is starting.
[INFO ] - 23-11-2021 15:49:00 - [Test worker] Log - TC_05_Display_3_Product_Per_Page - Step 01: Select options '3' from display dropdown list
[INFO ] - 23-11-2021 15:49:01 - [Test worker] Log - TC_05_Display_3_Product_Per_Page - Step 02: Verify less than or equals 3 products are displayed
[INFO ] - 23-11-2021 15:49:01 - [Test worker] Log - Step (^_^!) =============================== PASSED =============================== (^_^!)
[INFO ] - 23-11-2021 15:49:01 - [Test worker] Log - TC_05_Display_3_Product_Per_Page test is succeed.
[INFO ] - 23-11-2021 15:49:01 - [Test worker] Log - TC_06_Display_6_Product_Per_Page test is starting.
[INFO ] - 23-11-2021 15:49:01 - [Test worker] Log - TC_06_Display_6_Product_Per_Page - Step 01: Select options '6' from display dropdown list
[INFO ] - 23-11-2021 15:49:02 - [Test worker] Log - TC_06_Display_6_Product_Per_Page - Step 02: Verify less than or equals 6 products are displayed
[INFO ] - 23-11-2021 15:49:03 - [Test worker] Log - Step (^_^!) =============================== PASSED =============================== (^_^!)
[INFO ] - 23-11-2021 15:49:03 - [Test worker] Log - TC_06_Display_6_Product_Per_Page test is succeed.
[INFO ] - 23-11-2021 15:49:03 - [Test worker] Log - TC_07_Display_9_Product_Per_Page test is starting.
[INFO ] - 23-11-2021 15:49:03 - [Test worker] Log - TC_07_Display_9_Product_Per_Page - Step 01: Select options '9' from display dropdown list
[INFO ] - 23-11-2021 15:49:03 - [Test worker] Log - TC_07_Display_9_Product_Per_Page - Step 02: Verify less than or equals 9 products are displayed
[INFO ] - 23-11-2021 15:49:05 - [Test worker] Log - Step (^_^!) =============================== PASSED =============================== (^_^!)
[INFO ] - 23-11-2021 15:49:05 - [Test worker] Log - TC_07_Display_9_Product_Per_Page test is succeed.
]]></system-out>
  <system-err><![CDATA[SLF4J: Failed to load class "org.slf4j.impl.StaticLoggerBinder".
SLF4J: Defaulting to no-operation (NOP) logger implementation
SLF4J: See http://www.slf4j.org/codes.html#StaticLoggerBinder for further details.
Starting ChromeDriver 96.0.4664.45 (76e4c1bb2ab4671b8beba3444e61c0f17584b2fc-refs/branch-heads/4664@{#947}) on port 11262
Only local connections are allowed.
Please see https://chromedriver.chromium.org/security-considerations for suggestions on keeping ChromeDriver safe.
ChromeDriver was started successfully.
Nov 23, 2021 3:48:49 PM org.openqa.selenium.remote.ProtocolHandshake createSession
INFO: Detected dialect: W3C
]]></system-err>
</testsuite>
