<?xml version="1.0" encoding="UTF-8"?>
<testsuite name="testcases.Login" tests="6" skipped="0" failures="0" errors="0" timestamp="2021-11-21T04:58:45" hostname="TRUNGHIEU-AUTOM" time="14.998">
  <properties/>
  <testcase name="TC_01_Login_With_Empty_Data[0](public void testcases.Login.TC_01_Login_With_Empty_Data(java.lang.reflect.Method))" classname="testcases.Login" time="0.26"/>
  <testcase name="TC_02_Login_With_Invalid_Email[0](public void testcases.Login.TC_02_Login_With_Invalid_Email(java.lang.reflect.Method))" classname="testcases.Login" time="0.314"/>
  <testcase name="TC_03_Login_With_Unregistered_Email[0](public void testcases.Login.TC_03_Login_With_Unregistered_Email(java.lang.reflect.Method))" classname="testcases.Login" time="1.596"/>
  <testcase name="TC_04_Login_With_Registered_Email_Without_Password[0](public void testcases.Login.TC_04_Login_With_Registered_Email_Without_Password(java.lang.reflect.Method))" classname="testcases.Login" time="8.433"/>
  <testcase name="TC_05_Login_With_Registered_Email_With_Wrong_Password[0](public void testcases.Login.TC_05_Login_With_Registered_Email_With_Wrong_Password(java.lang.reflect.Method))" classname="testcases.Login" time="1.944"/>
  <testcase name="TC_06_Login_Successfully[0](public void testcases.Login.TC_06_Login_Successfully(java.lang.reflect.Method))" classname="testcases.Login" time="2.439"/>
  <system-out><![CDATA[[INFO ] - 21-11-2021 11:58:41 - [Test worker] Log - Opening Chrome browser!
[INFO ] - 21-11-2021 11:58:45 - [Test worker] Log - TC_01_Login_With_Empty_Data test is starting.
[INFO ] - 21-11-2021 11:58:45 - [Test worker] Log - TC_01_Login_With_Empty_Data - Step 01: Click to Login button
[INFO ] - 21-11-2021 11:58:45 - [Test worker] Log - TC_01_Login_With_Empty_Data - Step 02: Verify error message at email field is 'Please enter your email'
[INFO ] - 21-11-2021 11:58:45 - [Test worker] Log -  -------------------------- PASSED -------------------------- 
[INFO ] - 21-11-2021 11:58:45 - [Test worker] Log - TC_01_Login_With_Empty_Data test is succeed.
[INFO ] - 21-11-2021 11:58:45 - [Test worker] Log - TC_02_Login_With_Invalid_Email test is starting.
[INFO ] - 21-11-2021 11:58:45 - [Test worker] Log - TC_02_Login_With_Invalid_Email - Step 01: Enter to email field with text: abc@ 12
[INFO ] - 21-11-2021 11:58:46 - [Test worker] Log - TC_02_Login_With_Invalid_Email - Step 02: Click to login button 
[INFO ] - 21-11-2021 11:58:46 - [Test worker] Log - TC_02_Login_With_Invalid_Email - Step 03: verify error message at email field is 'Wrong email'
[INFO ] - 21-11-2021 11:58:46 - [Test worker] Log -  -------------------------- PASSED -------------------------- 
[INFO ] - 21-11-2021 11:58:46 - [Test worker] Log - TC_02_Login_With_Invalid_Email test is succeed.
[INFO ] - 21-11-2021 11:58:46 - [Test worker] Log - TC_03_Login_With_Unregistered_Email test is starting.
[INFO ] - 21-11-2021 11:58:46 - [Test worker] Log - TC_03_Login_With_Unregistered_Email - Step 01: Enter to email field with text: abc@ab.cpc
[INFO ] - 21-11-2021 11:58:46 - [Test worker] Log - TC_03_Login_With_Unregistered_Email - Step 02: Click to login button 
[INFO ] - 21-11-2021 11:58:47 - [Test worker] Log - TC_03_Login_With_Unregistered_Email - Step 03: verify error message appear with text 'Login was unsuccessful. Please correct the errors and try again.
No customer account found'
[INFO ] - 21-11-2021 11:58:47 - [Test worker] Log -  -------------------------- PASSED -------------------------- 
[INFO ] - 21-11-2021 11:58:47 - [Test worker] Log - TC_03_Login_With_Unregistered_Email test is succeed.
[INFO ] - 21-11-2021 11:58:47 - [Test worker] Log - TC_04_Login_With_Registered_Email_Without_Password test is starting.
[INFO ] - 21-11-2021 11:58:47 - [Test worker] Log - TC_04_Login_With_Registered_Email_Without_Password - Pre-condition Step 01: Click to register top nav bar
[INFO ] - 21-11-2021 11:58:48 - [Test worker] Log - TC_04_Login_With_Registered_Email_Without_Password - Pre-condition Step 02: Enter to first name text box with: Lorrie
[INFO ] - 21-11-2021 11:58:48 - [Test worker] Log - TC_04_Login_With_Registered_Email_Without_Password - Pre-condition Step 03: Enter to last name textbox with:Baniard
[INFO ] - 21-11-2021 11:58:48 - [Test worker] Log - TC_04_Login_With_Registered_Email_Without_Password - Pre-condition Step 04:  Enter to email textbox with:lbaniard45@seesaa.net
[INFO ] - 21-11-2021 11:58:49 - [Test worker] Log - TC_04_Login_With_Registered_Email_Without_Password - Pre-condition Step 05: Enter to password textbox with:djnsu430
[INFO ] - 21-11-2021 11:58:49 - [Test worker] Log - TC_04_Login_With_Registered_Email_Without_Password - Pre-condition Step 06: Enter to confirm Password textbox with:djnsu430
[INFO ] - 21-11-2021 11:58:49 - [Test worker] Log - TC_04_Login_With_Registered_Email_Without_Password - Pre-condition Step 07: Click to register button
[INFO ] - 21-11-2021 11:58:52 - [Test worker] Log - TC_04_Login_With_Registered_Email_Without_Password - Pre-condition Step 08: Log out by click logout at top nav bar
[INFO ] - 21-11-2021 11:58:53 - [Test worker] Log - TC_04_Login_With_Registered_Email_Without_Password - Pre-condition Step 09: Click to login button at top nav bar
[INFO ] - 21-11-2021 11:58:54 - [Test worker] Log - TC_04_Login_With_Registered_Email_Without_Password - Step 01: Enter to email field with valid registered email: lbaniard45@seesaa.net
[INFO ] - 21-11-2021 11:58:54 - [Test worker] Log - TC_04_Login_With_Registered_Email_Without_Password - Step 02: Click to login button
[INFO ] - 21-11-2021 11:58:56 - [Test worker] Log - TC_04_Login_With_Registered_Email_Without_Password - Step 03: Verify login unsuccessfully and error message displayed: 'Login was unsuccessful. Please correct the errors and try again.
The credentials provided are incorrect'
[INFO ] - 21-11-2021 11:58:56 - [Test worker] Log -  -------------------------- PASSED -------------------------- 
[INFO ] - 21-11-2021 11:58:56 - [Test worker] Log - TC_04_Login_With_Registered_Email_Without_Password test is succeed.
[INFO ] - 21-11-2021 11:58:56 - [Test worker] Log - TC_05_Login_With_Registered_Email_With_Wrong_Password test is starting.
[INFO ] - 21-11-2021 11:58:56 - [Test worker] Log - TC_05_Login_With_Registered_Email_With_Wrong_Password - Step 01: Enter to email field with valid registered email: lbaniard45@seesaa.net
[INFO ] - 21-11-2021 11:58:56 - [Test worker] Log - TC_05_Login_With_Registered_Email_With_Wrong_Password - Step 02: Enter to password field with valid registered email: djnsu4301234
[INFO ] - 21-11-2021 11:58:56 - [Test worker] Log - TC_05_Login_With_Registered_Email_With_Wrong_Password - Step 03: Click to login button
[INFO ] - 21-11-2021 11:58:58 - [Test worker] Log - TC_05_Login_With_Registered_Email_With_Wrong_Password - Step 04: Verify login unsuccessfully and error message displayed: 'Login was unsuccessful. Please correct the errors and try again.
The credentials provided are incorrect'
[INFO ] - 21-11-2021 11:58:58 - [Test worker] Log -  -------------------------- PASSED -------------------------- 
[INFO ] - 21-11-2021 11:58:58 - [Test worker] Log - TC_05_Login_With_Registered_Email_With_Wrong_Password test is succeed.
[INFO ] - 21-11-2021 11:58:58 - [Test worker] Log - TC_06_Login_Successfully test is starting.
[INFO ] - 21-11-2021 11:58:58 - [Test worker] Log - TC_06_Login_Successfully - Step 01: Enter to email field with valid registered email: lbaniard45@seesaa.net
[INFO ] - 21-11-2021 11:58:58 - [Test worker] Log - TC_06_Login_Successfully - Step 02: Enter to password field with valid registered email: djnsu430
[INFO ] - 21-11-2021 11:58:58 - [Test worker] Log - TC_06_Login_Successfully - Step 03: Click to login button
[INFO ] - 21-11-2021 11:59:00 - [Test worker] Log - TC_06_Login_Successfully - Step 04: verify home page's slider is displayed
[INFO ] - 21-11-2021 11:59:00 - [Test worker] Log -  -------------------------- PASSED -------------------------- 
[INFO ] - 21-11-2021 11:59:00 - [Test worker] Log - TC_06_Login_Successfully test is succeed.
]]></system-out>
  <system-err><![CDATA[SLF4J: Failed to load class "org.slf4j.impl.StaticLoggerBinder".
SLF4J: Defaulting to no-operation (NOP) logger implementation
SLF4J: See http://www.slf4j.org/codes.html#StaticLoggerBinder for further details.
Starting ChromeDriver 96.0.4664.45 (76e4c1bb2ab4671b8beba3444e61c0f17584b2fc-refs/branch-heads/4664@{#947}) on port 34376
Only local connections are allowed.
Please see https://chromedriver.chromium.org/security-considerations for suggestions on keeping ChromeDriver safe.
ChromeDriver was started successfully.
Nov 21, 2021 11:58:41 AM org.openqa.selenium.remote.ProtocolHandshake createSession
INFO: Detected dialect: W3C
]]></system-err>
</testsuite>
