<?xml version="1.0" encoding="UTF-8"?>
<testsuite name="testcases.MyAccount" tests="4" skipped="0" failures="0" errors="0" timestamp="2021-11-22T09:51:23" hostname="TRUNGHIEU-AUTOM" time="27.956">
  <properties/>
  <testcase name="TC_01_Customer_Info[0](public void testcases.MyAccount.TC_01_Customer_Info(java.lang.reflect.Method))" classname="testcases.MyAccount" time="3.437"/>
  <testcase name="TC_02_Addresses[0](public void testcases.MyAccount.TC_02_Addresses(java.lang.reflect.Method))" classname="testcases.MyAccount" time="7.726"/>
  <testcase name="TC_03_Change_Password[0](public void testcases.MyAccount.TC_03_Change_Password(java.lang.reflect.Method))" classname="testcases.MyAccount" time="9.767"/>
  <testcase name="TC_04_My_Product_Reviews[0](public void testcases.MyAccount.TC_04_My_Product_Reviews(java.lang.reflect.Method))" classname="testcases.MyAccount" time="7.024"/>
  <system-out><![CDATA[[INFO ] - 22-11-2021 16:51:16 - [Test worker] Log - Opening Chrome browser!
[INFO ] - 22-11-2021 16:51:19 - [Test worker] Log - Pre-condition Step 01: Click to register top nav bar
[INFO ] - 22-11-2021 16:51:20 - [Test worker] Log - Pre-condition Step 02: Enter to first name text box with: Vilma
[INFO ] - 22-11-2021 16:51:21 - [Test worker] Log - Pre-condition Step 03: Enter to last name textbox with:Lanchbury
[INFO ] - 22-11-2021 16:51:21 - [Test worker] Log - Pre-condition Step 04:  Enter to email textbox with:vlanchbury1x@last.fm
[INFO ] - 22-11-2021 16:51:21 - [Test worker] Log - Pre-condition Step 05: Enter to password textbox with:s5aD2LqgB8
[INFO ] - 22-11-2021 16:51:21 - [Test worker] Log - Pre-condition Step 06: Enter to confirm Password textbox with:s5aD2LqgB8
[INFO ] - 22-11-2021 16:51:21 - [Test worker] Log - Pre-condition Step 07: Click to register button
[INFO ] - 22-11-2021 16:51:22 - [Test worker] Log - Pre-condition Step 07: Click to My account button at footer
[INFO ] - 22-11-2021 16:51:23 - [Test worker] Log - TC_01_Customer_Info test is starting.
[INFO ] - 22-11-2021 16:51:23 - [Test worker] Log - TC_01_Customer_Info - Step 01: Select female gender radio button
[INFO ] - 22-11-2021 16:51:24 - [Test worker] Log - TC_01_Customer_Info - Step 02: Enter to first name textbox with text: 'trunghieu'
[INFO ] - 22-11-2021 16:51:24 - [Test worker] Log - TC_01_Customer_Info - Step 03: Enter to last name textbox with text: 'automate'
[INFO ] - 22-11-2021 16:51:24 - [Test worker] Log - TC_01_Customer_Info - Step 04: Enter to email textbox with text: 'trunghieu.automate.59@gmail.com'
[INFO ] - 22-11-2021 16:51:24 - [Test worker] Log - TC_01_Customer_Info - Step 05: Select date of birth dropdown list with: '01/01/1990'
[INFO ] - 22-11-2021 16:51:25 - [Test worker] Log - TC_01_Customer_Info - Step 06: Enter company name textbox with text: 'Automation FC'
[INFO ] - 22-11-2021 16:51:25 - [Test worker] Log - TC_01_Customer_Info - Step 07: Click to Save button
[INFO ] - 22-11-2021 16:51:26 - [Test worker] Log - TC_01_Customer_Info - Step 08: Verify first name is updated as 'Automation'
[INFO ] - 22-11-2021 16:51:26 - [Test worker] Log - Step (^_^!) ---------------- PASSED ---------------- 
[INFO ] - 22-11-2021 16:51:26 - [Test worker] Log - TC_01_Customer_Info - Step 09: Verify last name is updated as 'FC'
[INFO ] - 22-11-2021 16:51:26 - [Test worker] Log - Step (^_^!) ---------------- PASSED ---------------- 
[INFO ] - 22-11-2021 16:51:26 - [Test worker] Log - TC_01_Customer_Info - Step 10: Verify email is updated as 'trunghieu.automate.59@gmail.com'
[INFO ] - 22-11-2021 16:51:26 - [Test worker] Log - Step (^_^!) ---------------- PASSED ---------------- 
[INFO ] - 22-11-2021 16:51:26 - [Test worker] Log - TC_01_Customer_Info - Step 11: Verify Company is updated as 'Automation FC'
[INFO ] - 22-11-2021 16:51:26 - [Test worker] Log - Step (^_^!) ---------------- PASSED ---------------- 
[INFO ] - 22-11-2021 16:51:26 - [Test worker] Log - TC_01_Customer_Info - Step 12: Verify day of birth day is updated as '1'
[INFO ] - 22-11-2021 16:51:26 - [Test worker] Log - Step (^_^!) ---------------- PASSED ---------------- 
[INFO ] - 22-11-2021 16:51:26 - [Test worker] Log - TC_01_Customer_Info - Step 13: Verify day of birth month is updated as 'January'
[INFO ] - 22-11-2021 16:51:26 - [Test worker] Log - Step (^_^!) ---------------- PASSED ---------------- 
[INFO ] - 22-11-2021 16:51:26 - [Test worker] Log - TC_01_Customer_Info - Step 14: Verify day of birth year is updated as '1990'
[INFO ] - 22-11-2021 16:51:27 - [Test worker] Log - Step (^_^!) ---------------- PASSED ---------------- 
[INFO ] - 22-11-2021 16:51:27 - [Test worker] Log - TC_01_Customer_Info - Step 15: Verify gender female is selected
[INFO ] - 22-11-2021 16:51:27 - [Test worker] Log - Step (^_^!) ---------------- PASSED ---------------- 
[INFO ] - 22-11-2021 16:51:27 - [Test worker] Log - TC_01_Customer_Info test is succeed.
[INFO ] - 22-11-2021 16:51:27 - [Test worker] Log - TC_02_Addresses test is starting.
[INFO ] - 22-11-2021 16:51:27 - [Test worker] Log - TC_02_Addresses - Step 01: Click to Addresses link at left menu bar
[INFO ] - 22-11-2021 16:51:28 - [Test worker] Log - TC_02_Addresses - Step 02: Click to Add new button
[INFO ] - 22-11-2021 16:51:29 - [Test worker] Log - TC_02_Addresses - Step 03: Enter to First Name textbox with text: 'trunghieu'
[INFO ] - 22-11-2021 16:51:29 - [Test worker] Log - TC_02_Addresses - Step 04: Enter to  Last Name textbox with text: 'FC'
[INFO ] - 22-11-2021 16:51:29 - [Test worker] Log - TC_02_Addresses - Step 05: Enter to email textbox with text: 'trunghieu.automate.59@gmail.com;
[INFO ] - 22-11-2021 16:51:29 - [Test worker] Log - TC_02_Addresses - Step 06: Enter to Company textbox with text: 'Automation FC'
[INFO ] - 22-11-2021 16:51:29 - [Test worker] Log - TC_02_Addresses - Step 07: Select Country dropdown list option: 'Viet Nam'
[INFO ] - 22-11-2021 16:51:30 - [Test worker] Log - TC_02_Addresses - Step 08: Select state dropdown list option: 'Other'
[INFO ] - 22-11-2021 16:51:31 - [Test worker] Log - TC_02_Addresses - Step 09: Enter to city textbox with text: 'Da Nang'
[INFO ] - 22-11-2021 16:51:31 - [Test worker] Log - TC_02_Addresses - Step 10: Enter to address 1 textbox with text: '39 Phan Chau Trinh'
[INFO ] - 22-11-2021 16:51:31 - [Test worker] Log - TC_02_Addresses - Step 11: Enter to address 2 textbox with text: '79 Le Loi'
[INFO ] - 22-11-2021 16:51:31 - [Test worker] Log - TC_02_Addresses - Step 12: Enter to Zip/ postal cod text box with text: '550000'
[INFO ] - 22-11-2021 16:51:31 - [Test worker] Log - TC_02_Addresses - Step 13: Enter to phone number textbox with text: '0979797979'
[INFO ] - 22-11-2021 16:51:31 - [Test worker] Log - TC_02_Addresses - Step 14: Enter to fax number textbox with text: '0939393939'
[INFO ] - 22-11-2021 16:51:32 - [Test worker] Log - TC_02_Addresses - Step 15: click to save button
[INFO ] - 22-11-2021 16:51:34 - [Test worker] Log - TC_02_Addresses - Step 16: Verify name is updated as: 'trunghieu automate'
[INFO ] - 22-11-2021 16:51:34 - [Test worker] Log - Step (^_^!) ---------------- PASSED ---------------- 
[INFO ] - 22-11-2021 16:51:34 - [Test worker] Log - TC_02_Addresses - Step 17: Verify email is updated as: 'trunghieu.automate.59@gmail.com'
[INFO ] - 22-11-2021 16:51:34 - [Test worker] Log - Step (^_^!) ---------------- PASSED ---------------- 
[INFO ] - 22-11-2021 16:51:34 - [Test worker] Log - TC_02_Addresses - Step 18: Verify phone number is updated as: '0979797979'
[INFO ] - 22-11-2021 16:51:34 - [Test worker] Log - Step (^_^!) ---------------- PASSED ---------------- 
[INFO ] - 22-11-2021 16:51:34 - [Test worker] Log - TC_02_Addresses - Step 19: Verify fax number is updated as: '0939393939'
[INFO ] - 22-11-2021 16:51:34 - [Test worker] Log - Step (^_^!) ---------------- PASSED ---------------- 
[INFO ] - 22-11-2021 16:51:34 - [Test worker] Log - TC_02_Addresses - Step 20: Verify company is updated as: 'Automation FC'
[INFO ] - 22-11-2021 16:51:34 - [Test worker] Log - Step (^_^!) ---------------- PASSED ---------------- 
[INFO ] - 22-11-2021 16:51:34 - [Test worker] Log - TC_02_Addresses - Step 21: Verify address1 is updated as: '39 Phan Chau Trinh'
[INFO ] - 22-11-2021 16:51:34 - [Test worker] Log - Step (^_^!) ---------------- PASSED ---------------- 
[INFO ] - 22-11-2021 16:51:34 - [Test worker] Log - TC_02_Addresses - Step 22: Verify address2 is updated as: '79 Le Loi'
[INFO ] - 22-11-2021 16:51:35 - [Test worker] Log - Step (^_^!) ---------------- PASSED ---------------- 
[INFO ] - 22-11-2021 16:51:35 - [Test worker] Log - TC_02_Addresses - Step 23: Verify city state zip code as: 'Da Nang, 550000'
[INFO ] - 22-11-2021 16:51:35 - [Test worker] Log - Step (^_^!) ---------------- PASSED ---------------- 
[INFO ] - 22-11-2021 16:51:35 - [Test worker] Log - TC_02_Addresses - Step 24: Verify country is updated as: 'Viet Nam'
[INFO ] - 22-11-2021 16:51:35 - [Test worker] Log - Step (^_^!) ---------------- PASSED ---------------- 
[INFO ] - 22-11-2021 16:51:35 - [Test worker] Log - TC_02_Addresses test is succeed.
[INFO ] - 22-11-2021 16:51:35 - [Test worker] Log - TC_03_Change_Password test is starting.
[INFO ] - 22-11-2021 16:51:36 - [Test worker] Log - TC_03_Change_Password - Step 01: Enter to old password textbox with: s5aD2LqgB8
[INFO ] - 22-11-2021 16:51:36 - [Test worker] Log - TC_03_Change_Password - Step 02: Enter to new password textbox with: '123456'
[INFO ] - 22-11-2021 16:51:36 - [Test worker] Log - TC_03_Change_Password - Step 03: Enter to confirm password textbox with: '123456'
[INFO ] - 22-11-2021 16:51:36 - [Test worker] Log - TC_03_Change_Password - Step 04: click to Change password button
[INFO ] - 22-11-2021 16:51:37 - [Test worker] Log - TC_03_Change_Password - Step 05: Verify change password successfully with a message green bar displayed
[INFO ] - 22-11-2021 16:51:37 - [Test worker] Log - Step (^_^!) ---------------- PASSED ---------------- 
[INFO ] - 22-11-2021 16:51:37 - [Test worker] Log - TC_03_Change_Password - Step 06: Click to close button to close success message green bar
[INFO ] - 22-11-2021 16:51:37 - [Test worker] Log - TC_03_Change_Password - Step 07: Logout by click logout button at top nav bar
[INFO ] - 22-11-2021 16:51:40 - [Test worker] Log - TC_03_Change_Password - Step 08: Navigate to login page by click to login button at top nav bar
[INFO ] - 22-11-2021 16:51:41 - [Test worker] Log - TC_03_Change_Password - Step 09: Try to login by old password, enter email and password as: 'trunghieu.automate.59@gmail.com, s5aD2LqgB8'
[INFO ] - 22-11-2021 16:51:42 - [Test worker] Log - TC_03_Change_Password - Step 10: Verify login unsuccessfully with error message displayed: 'Login was unsuccessful. Please correct the errors and try again.
The credentials provided are incorrect'
[INFO ] - 22-11-2021 16:51:42 - [Test worker] Log - Step (^_^!) ---------------- PASSED ---------------- 
[INFO ] - 22-11-2021 16:51:42 - [Test worker] Log - TC_03_Change_Password - Step 11: Try to login with new password: '123456'
[INFO ] - 22-11-2021 16:51:44 - [Test worker] Log - TC_03_Change_Password - Step 12: Verify login successfully then homepage's slider and logout button are displayed
[INFO ] - 22-11-2021 16:51:44 - [Test worker] Log - Step (^_^!) ---------------- PASSED ---------------- 
[INFO ] - 22-11-2021 16:51:44 - [Test worker] Log - TC_03_Change_Password test is succeed.
[INFO ] - 22-11-2021 16:51:44 - [Test worker] Log - TC_04_My_Product_Reviews test is starting.
[INFO ] - 22-11-2021 16:51:44 - [Test worker] Log - TC_04_My_Product_Reviews - Step 01: Click to notebooks menu from computers menu at Product menu bar
[INFO ] - 22-11-2021 16:51:46 - [Test worker] Log - TC_04_My_Product_Reviews - Step 02: Click to Apple macbook Pro 13-inch product
[INFO ] - 22-11-2021 16:51:47 - [Test worker] Log - TC_04_My_Product_Reviews - Step 03: Click to Add your review link
[INFO ] - 22-11-2021 16:51:48 - [Test worker] Log - TC_04_My_Product_Reviews - Step 04: Enter to review title textbox with text: 'trunghieu-automate review'
[INFO ] - 22-11-2021 16:51:49 - [Test worker] Log - TC_04_My_Product_Reviews - Step 05: Enter to review text textbox with text: 'trunghieu-automate review text'
[INFO ] - 22-11-2021 16:51:49 - [Test worker] Log - TC_04_My_Product_Reviews - Step 06: Click to rating option: 'Good'
[INFO ] - 22-11-2021 16:51:49 - [Test worker] Log - TC_04_My_Product_Reviews - Step 07: Click to Submit review button
[INFO ] - 22-11-2021 16:51:49 - [Test worker] Log - TC_04_My_Product_Reviews - Step 08: click to My account button at top nav bar to navigate to My Account Page
[INFO ] - 22-11-2021 16:51:50 - [Test worker] Log - TC_04_My_Product_Reviews - Step 09: Click to My product reviews menu at left nav bar.
[INFO ] - 22-11-2021 16:51:51 - [Test worker] Log - TC_04_My_Product_Reviews - Step 10: Verify review title is 'trunghieu-automate review'.
[INFO ] - 22-11-2021 16:51:51 - [Test worker] Log - Step (^_^!) ---------------- PASSED ---------------- 
[INFO ] - 22-11-2021 16:51:51 - [Test worker] Log - TC_04_My_Product_Reviews - Step 11: Verify review text is 'trunghieu-automate review text'
[INFO ] - 22-11-2021 16:51:51 - [Test worker] Log - Step (^_^!) ---------------- PASSED ---------------- 
[INFO ] - 22-11-2021 16:51:51 - [Test worker] Log - TC_04_My_Product_Reviews - Step 12: Verify review product is 'Apple MacBook Pro 13-inch'
[INFO ] - 22-11-2021 16:51:51 - [Test worker] Log - Step (^_^!) ---------------- PASSED ---------------- 
[INFO ] - 22-11-2021 16:51:51 - [Test worker] Log - TC_04_My_Product_Reviews - Step 13: Verify review rating is '5 stars'
[INFO ] - 22-11-2021 16:51:51 - [Test worker] Log - Step (^_^!) ---------------- PASSED ---------------- 
[INFO ] - 22-11-2021 16:51:51 - [Test worker] Log - TC_04_My_Product_Reviews test is succeed.
]]></system-out>
  <system-err><![CDATA[SLF4J: Failed to load class "org.slf4j.impl.StaticLoggerBinder".
SLF4J: Defaulting to no-operation (NOP) logger implementation
SLF4J: See http://www.slf4j.org/codes.html#StaticLoggerBinder for further details.
Starting ChromeDriver 96.0.4664.45 (76e4c1bb2ab4671b8beba3444e61c0f17584b2fc-refs/branch-heads/4664@{#947}) on port 14361
Only local connections are allowed.
Please see https://chromedriver.chromium.org/security-considerations for suggestions on keeping ChromeDriver safe.
ChromeDriver was started successfully.
Nov 22, 2021 4:51:16 PM org.openqa.selenium.remote.ProtocolHandshake createSession
INFO: Detected dialect: W3C
]]></system-err>
</testsuite>
